doctor/build/intermediates/manifest_merge_blame_file/debug/manifest-merger-blame-debug-report.txt
1<?xml version="1.0" encoding="utf-8"?>
2<manifest xmlns:android="http://schemas.android.com/apk/res/android"
3    package="com.lucky.smartclinicdoctors"
4    android:versionCode="1"
5    android:versionName="1.0" >
6
7    <uses-sdk
8        android:minSdkVersion="24"
8-->src\main\AndroidManifest.xml
9        android:targetSdkVersion="30" />
9-->src\main\AndroidManifest.xml
10
11    <uses-feature
11-->src\main\AndroidManifest.xml:5:5-7:35
12        android:name="android.hardware.microphone"
12-->src\main\AndroidManifest.xml:6:9-51
13        android:required="false" />
13-->src\main\AndroidManifest.xml:7:9-33
14    <uses-feature
14-->src\main\AndroidManifest.xml:8:5-10:36
15        android:name="android.hardware.camera"
15-->src\main\AndroidManifest.xml:9:9-47
16        android:required="false" />
16-->src\main\AndroidManifest.xml:10:9-33
17
18    <uses-permission android:name="android.permission.INTERNET" />
18-->src\main\AndroidManifest.xml:12:5-66
18-->src\main\AndroidManifest.xml:12:22-64
19    <uses-permission android:name="android.permission.RECORD_AUDIO" />
19-->src\main\AndroidManifest.xml:13:5-70
19-->src\main\AndroidManifest.xml:13:22-68
20    <uses-permission android:name="android.permission.MODIFY_AUDIO_SETTINGS" />
20-->src\main\AndroidManifest.xml:14:5-79
20-->src\main\AndroidManifest.xml:14:22-77
21    <uses-permission android:name="android.permission.READ_PHONE_STATE" />
21-->src\main\AndroidManifest.xml:15:5-74
21-->src\main\AndroidManifest.xml:15:22-72
22    <uses-permission android:name="android.permission.BLUETOOTH" />
22-->src\main\AndroidManifest.xml:16:5-67
22-->src\main\AndroidManifest.xml:16:22-65
23    <uses-permission android:name="android.permission.ACCESS_NETWORK_STATE" />
23-->src\main\AndroidManifest.xml:17:5-78
23-->src\main\AndroidManifest.xml:17:22-76
24    <uses-permission android:name="android.permission.CAMERA" />
24-->src\main\AndroidManifest.xml:18:5-64
24-->src\main\AndroidManifest.xml:18:22-62
25    <uses-permission android:name="android.permission.WAKE_LOCK" /> <!-- Required by older versions of Google Play services to create IID tokens -->
25-->[com.google.firebase:firebase-iid:21.0.1] AndroidManifest.xml:24:5-68
25-->[com.google.firebase:firebase-iid:21.0.1] AndroidManifest.xml:24:22-65
26    <uses-permission android:name="com.google.android.c2dm.permission.RECEIVE" />
26-->[com.google.firebase:firebase-iid:21.0.1] AndroidManifest.xml:26:5-82
26-->[com.google.firebase:firebase-iid:21.0.1] AndroidManifest.xml:26:22-79
27    <uses-permission android:name="com.google.android.finsky.permission.BIND_GET_INSTALL_REFERRER_SERVICE" /> <!-- Permission will be merged into the manifest of the hosting app. -->
27-->[com.google.android.gms:play-services-measurement:18.0.0] AndroidManifest.xml:26:5-110
27-->[com.google.android.gms:play-services-measurement:18.0.0] AndroidManifest.xml:26:22-107
28    <!-- Is required to launch foreground extraction service for targetSdkVersion 28+. -->
29    <uses-permission android:name="android.permission.FOREGROUND_SERVICE" />
29-->[com.google.android.play:core:1.7.2] AndroidManifest.xml:8:3-74
29-->[com.google.android.play:core:1.7.2] AndroidManifest.xml:8:20-72
30
31    <application
31-->src\main\AndroidManifest.xml:20:5-39:19
32        android:allowBackup="true"
32-->src\main\AndroidManifest.xml:21:9-35
33        android:appComponentFactory="androidx.core.app.CoreComponentFactory"
33-->[androidx.core:core:1.3.2] AndroidManifest.xml:24:18-86
34        android:debuggable="true"
35        android:extractNativeLibs="false"
36        android:icon="@drawable/ic_doctor"
36-->src\main\AndroidManifest.xml:22:9-43
37        android:label="@string/app_name"
37-->src\main\AndroidManifest.xml:23:9-41
38        android:theme="@style/Theme.SmartClinicDoctors.NoActionBar" >
38-->src\main\AndroidManifest.xml:24:9-68
39        <activity
39-->src\main\AndroidManifest.xml:25:9-31:20
40            android:name="com.lucky.smartclinicdoctors.ui.activities.MainActivity"
40-->src\main\AndroidManifest.xml:25:19-61
41            android:windowSoftInputMode="adjustResize" >
41-->src\main\AndroidManifest.xml:26:13-55
42            <intent-filter>
42-->src\main\AndroidManifest.xml:27:13-30:29
43                <action android:name="android.intent.action.MAIN" />
43-->src\main\AndroidManifest.xml:28:17-69
43-->src\main\AndroidManifest.xml:28:25-66
44
45                <category android:name="android.intent.category.LAUNCHER" />
45-->src\main\AndroidManifest.xml:29:17-77
45-->src\main\AndroidManifest.xml:29:27-74
46            </intent-filter>
47        </activity>
48        <activity
48-->src\main\AndroidManifest.xml:32:9-34:39
49            android:name="com.lucky.smartclinicdoctors.ui.activities.IncomingCallScreenActivity"
49-->src\main\AndroidManifest.xml:32:19-75
50            android:noHistory="true"
50-->src\main\AndroidManifest.xml:34:13-37
51            android:screenOrientation="portrait" />
51-->src\main\AndroidManifest.xml:33:13-49
52        <activity android:name="com.lucky.smartclinicdoctors.ui.activities.VoiceCallScreenActivity" />
52-->src\main\AndroidManifest.xml:35:9-75
52-->src\main\AndroidManifest.xml:35:19-72
53        <activity android:name="com.lucky.smartclinicdoctors.ui.activities.VideoCallScreenActivity" />
53-->src\main\AndroidManifest.xml:36:9-75
53-->src\main\AndroidManifest.xml:36:19-72
54
55        <service android:name="com.lucky.smartclinicdoctors.service.SinchService" />
55-->src\main\AndroidManifest.xml:38:9-57
55-->src\main\AndroidManifest.xml:38:18-54
56
57        <activity
57-->[com.google.firebase:firebase-auth:20.0.1] AndroidManifest.xml:27:9-44:20
58            android:name="com.google.firebase.auth.internal.GenericIdpActivity"
58-->[com.google.firebase:firebase-auth:20.0.1] AndroidManifest.xml:28:13-80
59            android:excludeFromRecents="true"
59-->[com.google.firebase:firebase-auth:20.0.1] AndroidManifest.xml:29:13-46
60            android:exported="true"
60-->[com.google.firebase:firebase-auth:20.0.1] AndroidManifest.xml:30:13-36
61            android:launchMode="singleTask"
61-->[com.google.firebase:firebase-auth:20.0.1] AndroidManifest.xml:31:13-44
62            android:theme="@android:style/Theme.Translucent.NoTitleBar" >
62-->[com.google.firebase:firebase-auth:20.0.1] AndroidManifest.xml:32:13-72
63            <intent-filter>
63-->[com.google.firebase:firebase-auth:20.0.1] AndroidManifest.xml:33:13-43:29
64                <action android:name="android.intent.action.VIEW" />
64-->[com.google.firebase:firebase-auth:20.0.1] AndroidManifest.xml:34:17-69
64-->[com.google.firebase:firebase-auth:20.0.1] AndroidManifest.xml:34:25-66
65
66                <category android:name="android.intent.category.DEFAULT" />
66-->[com.google.firebase:firebase-auth:20.0.1] AndroidManifest.xml:36:17-76
66-->[com.google.firebase:firebase-auth:20.0.1] AndroidManifest.xml:36:27-73
67                <category android:name="android.intent.category.BROWSABLE" />
67-->[com.google.firebase:firebase-auth:20.0.1] AndroidManifest.xml:37:17-78
67-->[com.google.firebase:firebase-auth:20.0.1] AndroidManifest.xml:37:27-75
68
69                <data
69-->[com.google.firebase:firebase-auth:20.0.1] AndroidManifest.xml:39:17-42:51
70                    android:host="firebase.auth"
70-->[com.google.firebase:firebase-auth:20.0.1] AndroidManifest.xml:40:21-49
71                    android:path="/"
71-->[com.google.firebase:firebase-auth:20.0.1] AndroidManifest.xml:41:21-37
72                    android:scheme="genericidp" />
72-->[com.google.firebase:firebase-auth:20.0.1] AndroidManifest.xml:42:21-48
73            </intent-filter>
74        </activity>
75        <activity
75-->[com.google.firebase:firebase-auth:20.0.1] AndroidManifest.xml:45:9-62:20
76            android:name="com.google.firebase.auth.internal.RecaptchaActivity"
76-->[com.google.firebase:firebase-auth:20.0.1] AndroidManifest.xml:46:13-79
77            android:excludeFromRecents="true"
77-->[com.google.firebase:firebase-auth:20.0.1] AndroidManifest.xml:47:13-46
78            android:exported="true"
78-->[com.google.firebase:firebase-auth:20.0.1] AndroidManifest.xml:48:13-36
79            android:launchMode="singleTask"
79-->[com.google.firebase:firebase-auth:20.0.1] AndroidManifest.xml:49:13-44
80            android:theme="@android:style/Theme.Translucent.NoTitleBar" >
80-->[com.google.firebase:firebase-auth:20.0.1] AndroidManifest.xml:50:13-72
81            <intent-filter>
81-->[com.google.firebase:firebase-auth:20.0.1] AndroidManifest.xml:51:13-61:29
82                <action android:name="android.intent.action.VIEW" />
82-->[com.google.firebase:firebase-auth:20.0.1] AndroidManifest.xml:34:17-69
82-->[com.google.firebase:firebase-auth:20.0.1] AndroidManifest.xml:34:25-66
83
84                <category android:name="android.intent.category.DEFAULT" />
84-->[com.google.firebase:firebase-auth:20.0.1] AndroidManifest.xml:36:17-76
84-->[com.google.firebase:firebase-auth:20.0.1] AndroidManifest.xml:36:27-73
85                <category android:name="android.intent.category.BROWSABLE" />
85-->[com.google.firebase:firebase-auth:20.0.1] AndroidManifest.xml:37:17-78
85-->[com.google.firebase:firebase-auth:20.0.1] AndroidManifest.xml:37:27-75
86
87                <data
87-->[com.google.firebase:firebase-auth:20.0.1] AndroidManifest.xml:39:17-42:51
88                    android:host="firebase.auth"
88-->[com.google.firebase:firebase-auth:20.0.1] AndroidManifest.xml:40:21-49
89                    android:path="/"
89-->[com.google.firebase:firebase-auth:20.0.1] AndroidManifest.xml:41:21-37
90                    android:scheme="recaptcha" />
90-->[com.google.firebase:firebase-auth:20.0.1] AndroidManifest.xml:42:21-48
91            </intent-filter>
92        </activity>
93
94        <service
94-->[com.google.firebase:firebase-auth:20.0.1] AndroidManifest.xml:64:9-73:19
95            android:name="com.google.firebase.auth.api.fallback.service.FirebaseAuthFallbackService"
95-->[com.google.firebase:firebase-auth:20.0.1] AndroidManifest.xml:65:13-101
96            android:enabled="true"
96-->[com.google.firebase:firebase-auth:20.0.1] AndroidManifest.xml:66:13-35
97            android:exported="false" >
97-->[com.google.firebase:firebase-auth:20.0.1] AndroidManifest.xml:67:13-37
98            <intent-filter>
98-->[com.google.firebase:firebase-auth:20.0.1] AndroidManifest.xml:68:13-72:29
99                <action android:name="com.google.firebase.auth.api.gms.service.START" />
99-->[com.google.firebase:firebase-auth:20.0.1] AndroidManifest.xml:69:17-89
99-->[com.google.firebase:firebase-auth:20.0.1] AndroidManifest.xml:69:25-86
100
101                <category android:name="android.intent.category.DEFAULT" />
101-->[com.google.firebase:firebase-auth:20.0.1] AndroidManifest.xml:36:17-76
101-->[com.google.firebase:firebase-auth:20.0.1] AndroidManifest.xml:36:27-73
102            </intent-filter>
103        </service>
104        <service
104-->[com.google.firebase:firebase-auth:20.0.1] AndroidManifest.xml:74:9-80:19
105            android:name="com.google.firebase.components.ComponentDiscoveryService"
105-->[com.google.firebase:firebase-auth:20.0.1] AndroidManifest.xml:75:13-84
106            android:directBootAware="true"
106-->[com.google.firebase:firebase-common:19.5.0] AndroidManifest.xml:35:13-43
107            android:exported="false" >
107-->[com.google.firebase:firebase-auth:20.0.1] AndroidManifest.xml:76:13-37
108            <meta-data
108-->[com.google.firebase:firebase-auth:20.0.1] AndroidManifest.xml:77:13-79:85
109                android:name="com.google.firebase.components:com.google.firebase.auth.FirebaseAuthRegistrar"
109-->[com.google.firebase:firebase-auth:20.0.1] AndroidManifest.xml:78:17-109
110                android:value="com.google.firebase.components.ComponentRegistrar" />
110-->[com.google.firebase:firebase-auth:20.0.1] AndroidManifest.xml:79:17-82
111            <meta-data
111-->[com.google.firebase:firebase-firestore:22.0.1] AndroidManifest.xml:20:13-22:85
112                android:name="com.google.firebase.components:com.google.firebase.firestore.FirestoreRegistrar"
112-->[com.google.firebase:firebase-firestore:22.0.1] AndroidManifest.xml:21:17-111
113                android:value="com.google.firebase.components.ComponentRegistrar" />
113-->[com.google.firebase:firebase-firestore:22.0.1] AndroidManifest.xml:22:17-82
114            <meta-data
114-->[com.google.firebase:firebase-storage:19.2.1] AndroidManifest.xml:33:13-35:85
115                android:name="com.google.firebase.components:com.google.firebase.storage.StorageRegistrar"
115-->[com.google.firebase:firebase-storage:19.2.1] AndroidManifest.xml:34:17-107
116                android:value="com.google.firebase.components.ComponentRegistrar" />
116-->[com.google.firebase:firebase-storage:19.2.1] AndroidManifest.xml:35:17-82
117            <meta-data
117-->[com.google.firebase:firebase-messaging:21.0.1] AndroidManifest.xml:39:13-41:85
118                android:name="com.google.firebase.components:com.google.firebase.messaging.FirebaseMessagingRegistrar"
118-->[com.google.firebase:firebase-messaging:21.0.1] AndroidManifest.xml:40:17-119
119                android:value="com.google.firebase.components.ComponentRegistrar" />
119-->[com.google.firebase:firebase-messaging:21.0.1] AndroidManifest.xml:41:17-82
120            <meta-data
120-->[com.google.firebase:firebase-iid:21.0.1] AndroidManifest.xml:32:13-34:85
121                android:name="com.google.firebase.components:com.google.firebase.iid.Registrar"
121-->[com.google.firebase:firebase-iid:21.0.1] AndroidManifest.xml:33:17-96
122                android:value="com.google.firebase.components.ComponentRegistrar" />
122-->[com.google.firebase:firebase-iid:21.0.1] AndroidManifest.xml:34:17-82
123            <meta-data
123-->[com.google.android.gms:play-services-measurement-api:18.0.0] AndroidManifest.xml:30:13-32:85
124                android:name="com.google.firebase.components:com.google.firebase.analytics.connector.internal.AnalyticsConnectorRegistrar"
124-->[com.google.android.gms:play-services-measurement-api:18.0.0] AndroidManifest.xml:31:17-139
125                android:value="com.google.firebase.components.ComponentRegistrar" />
125-->[com.google.android.gms:play-services-measurement-api:18.0.0] AndroidManifest.xml:32:17-82
126            <meta-data
126-->[com.google.firebase:firebase-datatransport:17.0.10] AndroidManifest.xml:28:13-30:85
127                android:name="com.google.firebase.components:com.google.firebase.datatransport.TransportRegistrar"
127-->[com.google.firebase:firebase-datatransport:17.0.10] AndroidManifest.xml:29:17-115
128                android:value="com.google.firebase.components.ComponentRegistrar" />
128-->[com.google.firebase:firebase-datatransport:17.0.10] AndroidManifest.xml:30:17-82
129            <meta-data
129-->[com.google.firebase:firebase-installations:16.3.5] AndroidManifest.xml:18:13-20:85
130                android:name="com.google.firebase.components:com.google.firebase.installations.FirebaseInstallationsRegistrar"
130-->[com.google.firebase:firebase-installations:16.3.5] AndroidManifest.xml:19:17-127
131                android:value="com.google.firebase.components.ComponentRegistrar" />
131-->[com.google.firebase:firebase-installations:16.3.5] AndroidManifest.xml:20:17-82
132            <!--
133                This registrar is not defined in the dynamic-module-support sdk itself to allow non-firebase
134                clients to use it as well, by defining this registrar in their own core/common library.
135            -->
136            <meta-data
136-->[com.google.firebase:firebase-common:19.5.0] AndroidManifest.xml:43:13-45:85
137                android:name="com.google.firebase.components:com.google.firebase.dynamicloading.DynamicLoadingRegistrar"
137-->[com.google.firebase:firebase-common:19.5.0] AndroidManifest.xml:44:17-121
138                android:value="com.google.firebase.components.ComponentRegistrar" />
138-->[com.google.firebase:firebase-common:19.5.0] AndroidManifest.xml:45:17-82
139        </service>
140        <!--
141             FirebaseMessagingService performs security checks at runtime,
142             but set to not exported to explicitly avoid allowing another app to call it.
143        -->
144        <service
144-->[com.google.firebase:firebase-messaging:21.0.1] AndroidManifest.xml:28:9-35:19
145            android:name="com.google.firebase.messaging.FirebaseMessagingService"
145-->[com.google.firebase:firebase-messaging:21.0.1] AndroidManifest.xml:29:13-82
146            android:directBootAware="true"
146-->[com.google.firebase:firebase-messaging:21.0.1] AndroidManifest.xml:30:13-43
147            android:exported="false" >
147-->[com.google.firebase:firebase-messaging:21.0.1] AndroidManifest.xml:31:13-37
148            <intent-filter android:priority="-500" >
148-->[com.google.firebase:firebase-messaging:21.0.1] AndroidManifest.xml:32:13-34:29
148-->[com.google.firebase:firebase-messaging:21.0.1] AndroidManifest.xml:32:28-51
149                <action android:name="com.google.firebase.MESSAGING_EVENT" />
149-->[com.google.firebase:firebase-messaging:21.0.1] AndroidManifest.xml:33:17-78
149-->[com.google.firebase:firebase-messaging:21.0.1] AndroidManifest.xml:33:25-75
150            </intent-filter>
151        </service>
152        <service
152-->[androidx.room:room-runtime:2.2.6] AndroidManifest.xml:25:9-28:40
153            android:name="androidx.room.MultiInstanceInvalidationService"
153-->[androidx.room:room-runtime:2.2.6] AndroidManifest.xml:26:13-74
154            android:directBootAware="true"
154-->[androidx.room:room-runtime:2.2.6] AndroidManifest.xml:27:13-43
155            android:exported="false" />
155-->[androidx.room:room-runtime:2.2.6] AndroidManifest.xml:28:13-37
156        <service android:name="com.sinch.android.rtc.internal.client.fcm.InstanceIDTokenService" >
156-->[:sinch-android-rtc:3.17.4] AndroidManifest.xml:10:9-14:19
156-->[:sinch-android-rtc:3.17.4] AndroidManifest.xml:10:18-97
157            <intent-filter>
157-->[:sinch-android-rtc:3.17.4] AndroidManifest.xml:11:13-13:29
158                <action android:name="com.google.firebase.INSTANCE_ID_EVENT" />
158-->[:sinch-android-rtc:3.17.4] AndroidManifest.xml:12:17-80
158-->[:sinch-android-rtc:3.17.4] AndroidManifest.xml:12:25-77
159            </intent-filter>
160        </service>
161
162        <receiver
162-->[com.google.firebase:firebase-iid:21.0.1] AndroidManifest.xml:37:9-44:20
163            android:name="com.google.firebase.iid.FirebaseInstanceIdReceiver"
163-->[com.google.firebase:firebase-iid:21.0.1] AndroidManifest.xml:38:13-78
164            android:exported="true"
164-->[com.google.firebase:firebase-iid:21.0.1] AndroidManifest.xml:39:13-36
165            android:permission="com.google.android.c2dm.permission.SEND" >
165-->[com.google.firebase:firebase-iid:21.0.1] AndroidManifest.xml:40:13-73
166            <intent-filter>
166-->[com.google.firebase:firebase-iid:21.0.1] AndroidManifest.xml:41:13-43:29
167                <action android:name="com.google.android.c2dm.intent.RECEIVE" />
167-->[com.google.firebase:firebase-iid:21.0.1] AndroidManifest.xml:42:17-81
167-->[com.google.firebase:firebase-iid:21.0.1] AndroidManifest.xml:42:25-78
168            </intent-filter>
169        </receiver>
170
171        <activity
171-->[com.google.android.gms:play-services-base:17.1.0] AndroidManifest.xml:23:9-26:75
172            android:name="com.google.android.gms.common.api.GoogleApiActivity"
172-->[com.google.android.gms:play-services-base:17.1.0] AndroidManifest.xml:24:13-79
173            android:exported="false"
173-->[com.google.android.gms:play-services-base:17.1.0] AndroidManifest.xml:25:13-37
174            android:theme="@android:style/Theme.Translucent.NoTitleBar" />
174-->[com.google.android.gms:play-services-base:17.1.0] AndroidManifest.xml:26:13-72
175
176        <receiver
176-->[com.google.android.gms:play-services-measurement:18.0.0] AndroidManifest.xml:29:9-33:20
177            android:name="com.google.android.gms.measurement.AppMeasurementReceiver"
177-->[com.google.android.gms:play-services-measurement:18.0.0] AndroidManifest.xml:30:13-85
178            android:enabled="true"
178-->[com.google.android.gms:play-services-measurement:18.0.0] AndroidManifest.xml:31:13-35
179            android:exported="false" >
179-->[com.google.android.gms:play-services-measurement:18.0.0] AndroidManifest.xml:32:13-37
180        </receiver>
181
182        <service
182-->[com.google.android.gms:play-services-measurement:18.0.0] AndroidManifest.xml:35:9-38:40
183            android:name="com.google.android.gms.measurement.AppMeasurementService"
183-->[com.google.android.gms:play-services-measurement:18.0.0] AndroidManifest.xml:36:13-84
184            android:enabled="true"
184-->[com.google.android.gms:play-services-measurement:18.0.0] AndroidManifest.xml:37:13-35
185            android:exported="false" />
185-->[com.google.android.gms:play-services-measurement:18.0.0] AndroidManifest.xml:38:13-37
186        <service
186-->[com.google.android.gms:play-services-measurement:18.0.0] AndroidManifest.xml:39:9-43:72
187            android:name="com.google.android.gms.measurement.AppMeasurementJobService"
187-->[com.google.android.gms:play-services-measurement:18.0.0] AndroidManifest.xml:40:13-87
188            android:enabled="true"
188-->[com.google.android.gms:play-services-measurement:18.0.0] AndroidManifest.xml:41:13-35
189            android:exported="false"
189-->[com.google.android.gms:play-services-measurement:18.0.0] AndroidManifest.xml:42:13-37
190            android:permission="android.permission.BIND_JOB_SERVICE" />
190-->[com.google.android.gms:play-services-measurement:18.0.0] AndroidManifest.xml:43:13-69
191
192        <provider
192-->[com.google.firebase:firebase-common:19.5.0] AndroidManifest.xml:26:9-31:39
193            android:name="com.google.firebase.provider.FirebaseInitProvider"
193-->[com.google.firebase:firebase-common:19.5.0] AndroidManifest.xml:27:13-77
194            android:authorities="com.lucky.smartclinicdoctors.firebaseinitprovider"
194-->[com.google.firebase:firebase-common:19.5.0] AndroidManifest.xml:28:13-72
195            android:directBootAware="true"
195-->[com.google.firebase:firebase-common:19.5.0] AndroidManifest.xml:29:13-43
196            android:exported="false"
196-->[com.google.firebase:firebase-common:19.5.0] AndroidManifest.xml:30:13-37
197            android:initOrder="100" />
197-->[com.google.firebase:firebase-common:19.5.0] AndroidManifest.xml:31:13-36
198
199        <meta-data
199-->[com.google.android.gms:play-services-basement:17.1.0] AndroidManifest.xml:23:9-25:69
200            android:name="com.google.android.gms.version"
200-->[com.google.android.gms:play-services-basement:17.1.0] AndroidManifest.xml:24:13-58
201            android:value="@integer/google_play_services_version" />
201-->[com.google.android.gms:play-services-basement:17.1.0] AndroidManifest.xml:25:13-66
202
203        <service
203-->[com.google.android.datatransport:transport-backend-cct:2.3.3] AndroidManifest.xml:29:9-35:19
204            android:name="com.google.android.datatransport.runtime.backends.TransportBackendDiscovery"
204-->[com.google.android.datatransport:transport-backend-cct:2.3.3] AndroidManifest.xml:30:13-103
205            android:exported="false" >
205-->[com.google.android.datatransport:transport-backend-cct:2.3.3] AndroidManifest.xml:31:13-37
206            <meta-data
206-->[com.google.android.datatransport:transport-backend-cct:2.3.3] AndroidManifest.xml:32:13-34:39
207                android:name="backend:com.google.android.datatransport.cct.CctBackendFactory"
207-->[com.google.android.datatransport:transport-backend-cct:2.3.3] AndroidManifest.xml:33:17-94
208                android:value="cct" />
208-->[com.google.android.datatransport:transport-backend-cct:2.3.3] AndroidManifest.xml:34:17-36
209        </service>
210
211        <provider
211-->[androidx.lifecycle:lifecycle-process:2.2.0] AndroidManifest.xml:25:9-29:43
212            android:name="androidx.lifecycle.ProcessLifecycleOwnerInitializer"
212-->[androidx.lifecycle:lifecycle-process:2.2.0] AndroidManifest.xml:26:13-79
213            android:authorities="com.lucky.smartclinicdoctors.lifecycle-process"
213-->[androidx.lifecycle:lifecycle-process:2.2.0] AndroidManifest.xml:27:13-69
214            android:exported="false"
214-->[androidx.lifecycle:lifecycle-process:2.2.0] AndroidManifest.xml:28:13-37
215            android:multiprocess="true" />
215-->[androidx.lifecycle:lifecycle-process:2.2.0] AndroidManifest.xml:29:13-40
216
217        <service
217-->[com.google.android.datatransport:transport-runtime:2.2.5] AndroidManifest.xml:26:9-30:19
218            android:name="com.google.android.datatransport.runtime.scheduling.jobscheduling.JobInfoSchedulerService"
218-->[com.google.android.datatransport:transport-runtime:2.2.5] AndroidManifest.xml:27:13-117
219            android:exported="false"
219-->[com.google.android.datatransport:transport-runtime:2.2.5] AndroidManifest.xml:28:13-37
220            android:permission="android.permission.BIND_JOB_SERVICE" >
220-->[com.google.android.datatransport:transport-runtime:2.2.5] AndroidManifest.xml:29:13-69
221        </service>
222
223        <receiver
223-->[com.google.android.datatransport:transport-runtime:2.2.5] AndroidManifest.xml:32:9-34:40
224            android:name="com.google.android.datatransport.runtime.scheduling.jobscheduling.AlarmManagerSchedulerBroadcastReceiver"
224-->[com.google.android.datatransport:transport-runtime:2.2.5] AndroidManifest.xml:33:13-132
225            android:exported="false" /> <!-- The activities will be merged into the manifest of the hosting app. -->
225-->[com.google.android.datatransport:transport-runtime:2.2.5] AndroidManifest.xml:34:13-37
226        <activity
226-->[com.google.android.play:core:1.7.2] AndroidManifest.xml:12:5-271
227            android:name="com.google.android.play.core.missingsplits.PlayCoreMissingSplitsActivity"
227-->[com.google.android.play:core:1.7.2] AndroidManifest.xml:12:15-102
228            android:enabled="false"
228-->[com.google.android.play:core:1.7.2] AndroidManifest.xml:12:103-126
229            android:exported="false"
229-->[com.google.android.play:core:1.7.2] AndroidManifest.xml:12:127-151
230            android:launchMode="singleInstance"
230-->[com.google.android.play:core:1.7.2] AndroidManifest.xml:12:204-239
231            android:process=":playcore_missing_splits_activity"
231-->[com.google.android.play:core:1.7.2] AndroidManifest.xml:12:152-203
232            android:stateNotNeeded="true" />
232-->[com.google.android.play:core:1.7.2] AndroidManifest.xml:12:240-269
233        <activity
233-->[com.google.android.play:core:1.7.2] AndroidManifest.xml:13:5-226
234            android:name="com.google.android.play.core.common.PlayCoreDialogWrapperActivity"
234-->[com.google.android.play:core:1.7.2] AndroidManifest.xml:13:15-95
235            android:enabled="false"
235-->[com.google.android.play:core:1.7.2] AndroidManifest.xml:13:96-119
236            android:exported="false"
236-->[com.google.android.play:core:1.7.2] AndroidManifest.xml:13:120-144
237            android:stateNotNeeded="true"
237-->[com.google.android.play:core:1.7.2] AndroidManifest.xml:13:145-174
238            android:theme="@style/Theme.PlayCore.Transparent" /> <!-- The service will be merged into the manifest of the hosting app. -->
238-->[com.google.android.play:core:1.7.2] AndroidManifest.xml:13:175-224
239        <service
239-->[com.google.android.play:core:1.7.2] AndroidManifest.xml:16:5-145
240            android:name="com.google.android.play.core.assetpacks.AssetPackExtractionService"
240-->[com.google.android.play:core:1.7.2] AndroidManifest.xml:16:14-95
241            android:enabled="false"
241-->[com.google.android.play:core:1.7.2] AndroidManifest.xml:16:96-119
242            android:exported="true" />
242-->[com.google.android.play:core:1.7.2] AndroidManifest.xml:16:120-143
243    </application>
244
245</manifest>